Cadence Genus(TM) Synthesis Solution.
Copyright 2017 Cadence Design Systems, Inc. All rights reserved worldwide.
Cadence and the Cadence logo are registered trademarks and Genus is a trademark
of Cadence Design Systems, Inc. in the United States and other countries.

Version: 17.11-s014_1, built Mon Oct 09 2017
Options: -files ../tcl/syn2.tcl 
Date:    Thu Dec 20 22:02:58 2018
Host:    ce-epo3-cad.ewi.tudelft.nl (x86_64 w/Linux 3.10.0-862.9.1.el7.x86_64) (1core*8cpus*15physical cpus*Intel(R) Xeon(R) CPU E5-2683 v3 @ 2.00GHz 35840KB) (16249868KB)
OS:      Red Hat Enterprise Linux Server release 7.5 (Maipo)

Checking out license: Genus_Synthesis

Loading tool scripts...
Finished loading tool scripts (8 seconds elapsed).

#@ Processing -files option
@genus 1> source ../tcl/syn2.tcl
#@ Begin verbose source tcl/syn2.tcl
@file(syn2.tcl) 6: set_db lib_search_path /data/designkit/tsmc-180nm/lib/TSMCHOME/digital/Front_End/timing_power_noise/NLDM/tcb018gbwp7t_270a/
  Setting attribute of root '/': 'lib_search_path' = /data/designkit/tsmc-180nm/lib/TSMCHOME/digital/Front_End/timing_power_noise/NLDM/tcb018gbwp7t_270a/
@file(syn2.tcl) 7: set_db init_hdl_search_path ../../../VHDL/
  Setting attribute of root '/': 'init_hdl_search_path' = ../../../VHDL/
@file(syn2.tcl) 8: set_db library {tcb018gbwp7twc.lib}

  Message Summary for Library tcb018gbwp7twc.lib:
  ***********************************************
  Could not find an attribute in the library. [LBR-436]: 633
  Missing a function attribute in the output pin definition. [LBR-518]: 1
  An unsupported construct was detected in this library. [LBR-40]: 1
  ***********************************************
 
Info    : Created nominal operating condition. [LBR-412]
        : Operating condition '_nominal_' was created for the PVT values (1.000000, 1.620000, 125.000000) in library 'tcb018gbwp7twc.lib'.
        : The nominal operating condition represents either the nominal PVT values if specified in the library source, or the default PVT values (1.0, 1.0, 1.0).
Warning : Library cell has no output pins defined. [LBR-9]
        : Library cell 'ANTENNABWP7T' must have an output pin.
        : Add the missing output pin(s), then reload the library. Otherwise, the library cell will be marked as unusable and as timing model.
Warning : Library cell has no output pins defined. [LBR-9]
        : Library cell 'ANTENNABWP7T' must have an output pin.
Warning : Library cell has no output pins defined. [LBR-9]
        : Library cell 'DCAP16BWP7T' must have an output pin.
Warning : Library cell has no output pins defined. [LBR-9]
        : Library cell 'DCAP16BWP7T' must have an output pin.
Warning : Library cell has no output pins defined. [LBR-9]
        : Library cell 'DCAP32BWP7T' must have an output pin.
Warning : Library cell has no output pins defined. [LBR-9]
        : Library cell 'DCAP32BWP7T' must have an output pin.
Warning : Library cell has no output pins defined. [LBR-9]
        : Library cell 'DCAP4BWP7T' must have an output pin.
Warning : Library cell has no output pins defined. [LBR-9]
        : Library cell 'DCAP4BWP7T' must have an output pin.
Warning : Library cell has no output pins defined. [LBR-9]
        : Library cell 'DCAP64BWP7T' must have an output pin.
Warning : Library cell has no output pins defined. [LBR-9]
        : Library cell 'DCAP64BWP7T' must have an output pin.
Warning : Library cell has no output pins defined. [LBR-9]
        : Library cell 'DCAP8BWP7T' must have an output pin.
Warning : Library cell has no output pins defined. [LBR-9]
        : Library cell 'DCAP8BWP7T' must have an output pin.
Warning : Library cell has no output pins defined. [LBR-9]
        : Library cell 'DCAPBWP7T' must have an output pin.
Warning : Library cell has no output pins defined. [LBR-9]
        : Library cell 'DCAPBWP7T' must have an output pin.
Warning : Library cell has no output pins defined. [LBR-9]
        : Library cell 'GDCAP10BWP7T' must have an output pin.
Warning : Library cell has no output pins defined. [LBR-9]
        : Library cell 'GDCAP10BWP7T' must have an output pin.
Warning : Library cell has no output pins defined. [LBR-9]
        : Library cell 'GDCAP2BWP7T' must have an output pin.
Warning : Library cell has no output pins defined. [LBR-9]
        : Library cell 'GDCAP2BWP7T' must have an output pin.
Warning : Library cell has no output pins defined. [LBR-9]
        : Library cell 'GDCAP3BWP7T' must have an output pin.
Warning : Library cell has no output pins defined. [LBR-9]
        : Library cell 'GDCAP3BWP7T' must have an output pin.
  Setting attribute of root '/': 'library' = tcb018gbwp7twc.lib
@file(syn2.tcl) 9: set_db use_scan_seqs_for_non_dft false
  Setting attribute of root '/': 'use_scan_seqs_for_non_dft' = false
@file(syn2.tcl) 12: read_hdl -vhdl {bullet.vhd}
@file(syn2.tcl) 13: read_hdl -vhdl {top_level.vhd}
@file(syn2.tcl) 14: read_hdl -vhdl {collision.vhd}
@file(syn2.tcl) 15: read_hdl -vhdl {counter_one.vhd}
@file(syn2.tcl) 16: read_hdl -vhdl {counter_two.vhd}
@file(syn2.tcl) 17: read_hdl -vhdl {d_ff.vhd}
@file(syn2.tcl) 18: read_hdl -vhdl {display.vhd}
@file(syn2.tcl) 19: read_hdl -vhdl {draw_counter.vhd}
@file(syn2.tcl) 20: read_hdl -vhdl {enemy.vhd}
@file(syn2.tcl) 21: read_hdl -vhdl {gradius_toplvl.vhd}
@file(syn2.tcl) 22: read_hdl -vhdl {lsfr.vhd}
@file(syn2.tcl) 23: read_hdl -vhdl {player.vhd}
@file(syn2.tcl) 24: read_hdl -vhdl {spawn_timer.vhd}
@file(syn2.tcl) 25: read_hdl -vhdl {gradius.vhd}
@file(syn2.tcl) 26: read_hdl -vhdl {sync.vhd}
@file(syn2.tcl) 27: read_hdl -vhdl {toplevel_spawn.vhd}
@file(syn2.tcl) 28: read_hdl -vhdl {x_counter.vhd}
@file(syn2.tcl) 29: read_hdl -vhdl {y_counter.vhd}
@file(syn2.tcl) 30: read_hdl -vhdl {y_decider.vhd}
@file(syn2.tcl) 31: read_hdl -vhdl {bullet-behaviour.vhd}
@file(syn2.tcl) 32: read_hdl -vhdl {top_level-behaviour.vhd}
@file(syn2.tcl) 33: read_hdl -vhdl {collision-behaviour.vhd}
@file(syn2.tcl) 34: read_hdl -vhdl {counter_one-behaviour_counter_one.vhd}
@file(syn2.tcl) 35: read_hdl -vhdl {counter_two-behaviour.vhd}
@file(syn2.tcl) 36: read_hdl -vhdl {d_ff-behaviour.vhd}
@file(syn2.tcl) 37: read_hdl -vhdl {display-behaviour.vhd}
@file(syn2.tcl) 38: read_hdl -vhdl {draw_counter-behaviour.vhd}
@file(syn2.tcl) 39: read_hdl -vhdl {enemy-behaviour.vhd}
@file(syn2.tcl) 40: read_hdl -vhdl {gradius_toplvl-behaviour.vhd}
@file(syn2.tcl) 41: read_hdl -vhdl {lsfr-behaviour.vhd}
@file(syn2.tcl) 42: read_hdl -vhdl {player-behaviour.vhd}
@file(syn2.tcl) 43: read_hdl -vhdl {spawn_timer-behaviour.vhd}
@file(syn2.tcl) 44: read_hdl -vhdl {gradius-behaviour.vhd}
@file(syn2.tcl) 45: read_hdl -vhdl {sync-behaviour.vhd}
@file(syn2.tcl) 46: read_hdl -vhdl {toplevel_spawn-behaviour.vhd}
@file(syn2.tcl) 47: read_hdl -vhdl {x_counter-behaviour.vhd}
@file(syn2.tcl) 48: read_hdl -vhdl {y_counter-behaviour.vhd}
@file(syn2.tcl) 49: read_hdl -vhdl {y_decider-behaviour.vhd}
@file(syn2.tcl) 50: read_hdl -vhdl {d_ff_behaviour_cfg.vhd}
@file(syn2.tcl) 51: read_hdl -vhdl {y_decider_behaviour_cfg.vhd}
@file(syn2.tcl) 52: read_hdl -vhdl {spawn_timer_behaviour_cfg.vhd}
@file(syn2.tcl) 53: read_hdl -vhdl {lsfr_behaviour_cfg.vhd}
@file(syn2.tcl) 54: read_hdl -vhdl {counter_two_behaviour_counter_two_cfg.vhd}
@file(syn2.tcl) 55: read_hdl -vhdl {counter_one_behaviour_counter_one_cfg.vhd}
@file(syn2.tcl) 56: read_hdl -vhdl {collision_behaviour_collision_cfg.vhd}
@file(syn2.tcl) 57: read_hdl -vhdl {enemy_behaviour_cfg.vhd}
@file(syn2.tcl) 58: read_hdl -vhdl {player_behaviour_cfg.vhd}
@file(syn2.tcl) 59: read_hdl -vhdl {bullet_behaviour_cfg.vhd}
@file(syn2.tcl) 60: read_hdl -vhdl {draw_counter_behaviour_cfg.vhd}
@file(syn2.tcl) 61: read_hdl -vhdl {sync_behaviour_cfg.vhd}
@file(syn2.tcl) 62: read_hdl -vhdl {y_counter_behaviour_cfg.vhd}
@file(syn2.tcl) 63: read_hdl -vhdl {x_counter_behaviour_cfg.vhd}
@file(syn2.tcl) 64: read_hdl -vhdl {state_gradius_behaviour_cfg.vhd}
@file(syn2.tcl) 65: read_hdl -vhdl {toplevel_spawn_behaviour_cfg.vhd}
@file(syn2.tcl) 66: read_hdl -vhdl {col_top_level_behaviour_top_level_cfg.vhd}
@file(syn2.tcl) 67: read_hdl -vhdl {display_behaviour_cfg.vhd}
@file(syn2.tcl) 68: read_hdl -vhdl {gradius_toplvl_behaviour_cfg.vhd}
@file(syn2.tcl) 71: elaborate gradius_toplvl_behaviour_cfg
  Library has 344 usable logic and 147 usable sequential lib-cells.
Info    : Elaborating Design. [ELAB-1]
        : Elaborating top-level block 'gradius_toplvl' from file '../../../VHDL/gradius_toplvl.vhd'.
Info    : Binding to architecture. [ELAB-5]
        : Elaborating architecture 'behaviour' for entity 'gradius_toplvl'.
Info    : Binding to architecture. [ELAB-5]
        : Elaborating architecture 'behaviour' for entity 'display'.
Info    : Binding to architecture. [ELAB-5]
        : Elaborating architecture 'behaviour' for entity 'x_counter'.
Info    : Binding to architecture. [ELAB-5]
        : Elaborating architecture 'behaviour' for entity 'y_counter'.
Info    : Binding to architecture. [ELAB-5]
        : Elaborating architecture 'behaviour' for entity 'sync'.
Info    : Binding to architecture. [ELAB-5]
        : Elaborating architecture 'behaviour' for entity 'draw_counter'.
Warning : Referenced signal not in sensitivity list.  This may cause simulation mismatches between the original and synthesized designs. [CDFG-360]
        : Signal 'reset' in module 'draw_counter' in file '../../../VHDL/draw_counter-behaviour.vhd' on line 12.
Info    : Binding to architecture. [ELAB-5]
        : Elaborating architecture 'behaviour' for entity 'bullet'.
Info    : Binding to architecture. [ELAB-5]
        : Elaborating architecture 'behaviour' for entity 'player'.
Info    : Binding to architecture. [ELAB-5]
        : Elaborating architecture 'behaviour' for entity 'enemy'.
Info    : Binding to architecture. [ELAB-5]
        : Elaborating architecture 'behaviour_top_level' for entity 'col_top_level'.
Info    : Binding to architecture. [ELAB-5]
        : Elaborating architecture 'behaviour_collision' for entity 'collision'.
Warning : Referenced signal not in sensitivity list.  This may cause simulation mismatches between the original and synthesized designs. [CDFG-360]
        : Signal 'col' in module 'collision' in file '../../../VHDL/collision-behaviour.vhd' on line 64.
Warning : Referenced signal not in sensitivity list.  This may cause simulation mismatches between the original and synthesized designs. [CDFG-360]
        : Signal 'max_counter_value' in module 'collision' in file '../../../VHDL/collision-behaviour.vhd' on line 64.
Warning : Referenced signal not in sensitivity list.  This may cause simulation mismatches between the original and synthesized designs. [CDFG-360]
        : Signal 'inputvector_x' in module 'collision' in file '../../../VHDL/collision-behaviour.vhd' on line 158.
Warning : Referenced signal not in sensitivity list.  This may cause simulation mismatches between the original and synthesized designs. [CDFG-360]
        : Signal 'inputvector_y' in module 'collision' in file '../../../VHDL/collision-behaviour.vhd' on line 158.
Info    : Binding to architecture. [ELAB-5]
        : Elaborating architecture 'behaviour_counter_one' for entity 'counter_one'.
Warning : Referenced signal not in sensitivity list.  This may cause simulation mismatches between the original and synthesized designs. [CDFG-360]
        : Signal 'count_inside' in module 'counter_one' in file '../../../VHDL/counter_one-behaviour_counter_one.vhd' on line 19.
Info    : Binding to architecture. [ELAB-5]
        : Elaborating architecture 'behaviour_counter_two' for entity 'counter_two'.
Info    : Binding to architecture. [ELAB-5]
        : Elaborating architecture 'behaviour' for entity 'toplevel_spawn'.
Info    : Binding to architecture. [ELAB-5]
        : Elaborating architecture 'behaviour' for entity 'lsfr'.
Info    : Binding to architecture. [ELAB-5]
        : Elaborating architecture 'behaviour' for entity 'd_ff'.
Info    : Binding to architecture. [ELAB-5]
        : Elaborating architecture 'behaviour' for entity 'spawn_timer'.
Info    : Binding to architecture. [ELAB-5]
        : Elaborating architecture 'behaviour' for entity 'y_decider'.
Info    : Binding to architecture. [ELAB-5]
        : Elaborating architecture 'behaviour' for entity 'state_gradius'.
Warning : Referenced signal not in sensitivity list.  This may cause simulation mismatches between the original and synthesized designs. [CDFG-360]
        : Signal 'collision_player' in module 'state_gradius' in file '../../../VHDL/gradius-behaviour.vhd' on line 20.
Warning : Detected a logic abstract. [CDFG-331]
        : Logic abstract 'movement' in file '../../../VHDL/gradius_toplvl-behaviour.vhd' on line 117.
        : A logic abstract is an unresolved reference with defined port names and directions. It is inferred from an empty Verilog or VHDL design, or when the 'black_box' pragma or 'blackbox' hdl_arch attribute is specified. Use '::legacy::set_attribute init_blackbox_for_undefined false /' to treat an empty module as a defined module.
Info    : Binding to architecture. [ELAB-5]
        : Elaborating architecture 'movement' for entity 'movement'.
Info    : Done Elaborating Design. [ELAB-3]
        : Done elaborating 'gradius_toplvl'.
Checking for analog nets.... 
Check completed for analog nets.
Info: Checking for source rtl...
Info: Check completed for source rtl...
UM:  flow.cputime  flow.realtime  timing.setup.tns  timing.setup.wns  snapshot
UM:            12             13                                      elaborate
@file(syn2.tcl) 74: dc::set_driving_cell -cell INVD0BWP7T [dc::all_inputs]
@file(syn2.tcl) 75: dc::set_load 1 [dc::all_outputs]
@file(syn2.tcl) 78: synthesize -to_mapped
Warning : This command will be obsolete in a next major release. [TUI-37]
        : command: 'synthesize'
        : The synthesize command is obsolete. Use the syn_gen, syn_map or syn_opt commands instead.
Info    : Synthesizing. [SYNTH-1]
        : Synthesizing 'gradius_toplvl' to generic gates using 'medium' effort.
Info    : Deleting instances not driving any primary outputs. [GLO-34]
        : Deleting 2 sequential instances.
        : Optimizations such as constant propagation or redundancy removal could change the connections so a hierarchical instance does not drive any primary outputs anymore. To see the list of deleted hierarchical instances, set the 'information_level' attribute to 2 or above. If the message is truncated set the message attribute 'truncate' to false to see the complete list. To prevent this optimization, set the 'delete_unloaded_insts' root/subdesign attribute to 'false' or 'preserve' instance attribute to 'true'.
Info    : Deleting instances not driving any primary outputs. [GLO-34]
        : Deleting 49 hierarchical instances.
Info    : Pre-processed datapath logic. [DPOPT-6]
        : No pre-processing optimizations applied to datapath logic in 'gradius_toplvl'.
Info    : Optimizing datapath logic. [DPOPT-1]
        : Optimizing datapath logic in 'gradius_toplvl'.
Info    : Implementing datapath configurations. [DPOPT-3]
        : Implementing datapath configurations for 'CDN_DP_region_3253'
Info    : Accepted resource sharing opportunity. [RTLOPT-30]
        : Merged the following sets of instances in 'CDN_DP_region_3253_c1 in collision':
	  (sub_212_154, sub_188_154)
	  (sub_210_154, sub_186_154)

Info    : Accepted resource sharing opportunity. [RTLOPT-30]
        : Merged the following sets of instances in 'CDN_DP_region_3253_c2 in collision':
	  (sub_212_154, sub_188_154)
	  (sub_210_154, sub_186_154)

Info    : Accepted resource sharing opportunity. [RTLOPT-30]
        : Merged the following sets of instances in 'CDN_DP_region_3253_c3 in collision':
	  (sub_212_154, sub_188_154)
	  (sub_210_154, sub_186_154)

Info    : Accepted resource sharing opportunity. [RTLOPT-30]
        : Merged the following sets of instances in 'CDN_DP_region_3253_c4 in collision':
	  (sub_212_154, sub_188_154)
	  (sub_210_154, sub_186_154)

Info    : Done implementing datapath configurations. [DPOPT-4]
        : Selected 'very_fast' configuration 4 for module 'CDN_DP_region_3253'.
          Optimizations applied to 'very_fast' configuration:
            rewriting(0), factoring(0), sharing(2), cmultcse(0), downsizing(0), speculation(0)
Info    : Implementing datapath configurations. [DPOPT-3]
        : Implementing datapath configurations for 'CDN_DP_region_3283'
Info    : Done implementing datapath configurations. [DPOPT-4]
        : Selected 'very_fast' configuration 4 for module 'CDN_DP_region_3283'.
          Optimizations applied to 'very_fast' configuration:
            rewriting(0), factoring(0), sharing(0), cmultcse(0), downsizing(0), speculation(0)
Info    : Implementing datapath configurations. [DPOPT-3]
        : Implementing datapath configurations for 'CDN_DP_region_3282'
Info    : Done implementing datapath configurations. [DPOPT-4]
        : Selected 'very_fast' configuration 4 for module 'CDN_DP_region_3282'.
          Optimizations applied to 'very_fast' configuration:
            rewriting(0), factoring(0), sharing(0), cmultcse(0), downsizing(0), speculation(0)
Info    : Implementing datapath configurations. [DPOPT-3]
        : Implementing datapath configurations for 'CDN_DP_region_3255'
Info    : Done implementing datapath configurations. [DPOPT-4]
        : Selected 'very_fast' configuration 4 for module 'CDN_DP_region_3255'.
          Optimizations applied to 'very_fast' configuration:
            rewriting(0), factoring(0), sharing(0), cmultcse(0), downsizing(0), speculation(0)
Info    : Implementing datapath configurations. [DPOPT-3]
        : Implementing datapath configurations for 'CDN_DP_region_3254'
Info    : Done implementing datapath configurations. [DPOPT-4]
        : Selected 'very_fast' configuration 4 for module 'CDN_DP_region_3254'.
          Optimizations applied to 'very_fast' configuration:
            rewriting(1), factoring(0), sharing(0), cmultcse(0), downsizing(0), speculation(0)
Info    : Implementing datapath configurations. [DPOPT-3]
        : Implementing datapath configurations for 'CDN_DP_region_3257'
Info    : Done implementing datapath configurations. [DPOPT-4]
        : Selected 'very_fast' configuration 4 for module 'CDN_DP_region_3257'.
          Optimizations applied to 'very_fast' configuration:
            rewriting(0), factoring(0), sharing(0), cmultcse(0), downsizing(0), speculation(0)
Info    : Implementing datapath configurations. [DPOPT-3]
        : Implementing datapath configurations for 'CDN_DP_region_3258'
Info    : Done implementing datapath configurations. [DPOPT-4]
        : Selected 'very_fast' configuration 4 for module 'CDN_DP_region_3258'.
          Optimizations applied to 'very_fast' configuration:
            rewriting(0), factoring(0), sharing(0), cmultcse(0), downsizing(0), speculation(0)
Info    : Implementing datapath configurations. [DPOPT-3]
        : Implementing datapath configurations for 'CDN_DP_region_3259'
Info    : Done implementing datapath configurations. [DPOPT-4]
        : Selected 'very_fast' configuration 4 for module 'CDN_DP_region_3259'.
          Optimizations applied to 'very_fast' configuration:
            rewriting(0), factoring(0), sharing(0), cmultcse(0), downsizing(0), speculation(0)
Info    : Implementing datapath configurations. [DPOPT-3]
        : Implementing datapath configurations for 'CDN_DP_region_3260'
Info    : Done implementing datapath configurations. [DPOPT-4]
        : Selected 'very_fast' configuration 4 for module 'CDN_DP_region_3260'.
          Optimizations applied to 'very_fast' configuration:
            rewriting(0), factoring(0), sharing(0), cmultcse(0), downsizing(0), speculation(0)
Info    : Implementing datapath configurations. [DPOPT-3]
        : Implementing datapath configurations for 'CDN_DP_region_3261'
Info    : Done implementing datapath configurations. [DPOPT-4]
        : Selected 'very_fast' configuration 4 for module 'CDN_DP_region_3261'.
          Optimizations applied to 'very_fast' configuration:
            rewriting(0), factoring(0), sharing(0), cmultcse(0), downsizing(0), speculation(0)
Info    : Implementing datapath configurations. [DPOPT-3]
        : Implementing datapath configurations for 'CDN_DP_region_3262'
Info    : Done implementing datapath configurations. [DPOPT-4]
        : Selected 'very_fast' configuration 4 for module 'CDN_DP_region_3262'.
          Optimizations applied to 'very_fast' configuration:
            rewriting(0), factoring(0), sharing(0), cmultcse(0), downsizing(0), speculation(0)
Info    : Implementing datapath configurations. [DPOPT-3]
        : Implementing datapath configurations for 'CDN_DP_region_3263'
Info    : Done implementing datapath configurations. [DPOPT-4]
        : Selected 'very_fast' configuration 4 for module 'CDN_DP_region_3263'.
          Optimizations applied to 'very_fast' configuration:
            rewriting(0), factoring(0), sharing(0), cmultcse(0), downsizing(0), speculation(0)
Info    : Implementing datapath configurations. [DPOPT-3]
        : Implementing datapath configurations for 'CDN_DP_region_3264'
Info    : Done implementing datapath configurations. [DPOPT-4]
        : Selected 'very_fast' configuration 4 for module 'CDN_DP_region_3264'.
          Optimizations applied to 'very_fast' configuration:
            rewriting(0), factoring(0), sharing(0), cmultcse(0), downsizing(0), speculation(0)
Info    : Implementing datapath configurations. [DPOPT-3]
        : Implementing datapath configurations for 'CDN_DP_region_3265'
Info    : Done implementing datapath configurations. [DPOPT-4]
        : Selected 'very_fast' configuration 4 for module 'CDN_DP_region_3265'.
          Optimizations applied to 'very_fast' configuration:
            rewriting(0), factoring(0), sharing(0), cmultcse(0), downsizing(0), speculation(0)
Info    : Implementing datapath configurations. [DPOPT-3]
        : Implementing datapath configurations for 'CDN_DP_region_3256'
Info    : Done implementing datapath configurations. [DPOPT-4]
        : Selected 'very_fast' configuration 4 for module 'CDN_DP_region_3256'.
          Optimizations applied to 'very_fast' configuration:
            rewriting(0), factoring(0), sharing(0), cmultcse(0), downsizing(0), speculation(0)
Info    : Implementing datapath configurations. [DPOPT-3]
        : Implementing datapath configurations for 'CDN_DP_region_3269'
Info    : Done implementing datapath configurations. [DPOPT-4]
        : Selected 'very_fast' configuration 4 for module 'CDN_DP_region_3269'.
          Optimizations applied to 'very_fast' configuration:
            rewriting(0), factoring(0), sharing(0), cmultcse(0), downsizing(0), speculation(0)
Info    : Implementing datapath configurations. [DPOPT-3]
        : Implementing datapath configurations for 'CDN_DP_region_3271'
Info    : Done implementing datapath configurations. [DPOPT-4]
        : Selected 'very_fast' configuration 4 for module 'CDN_DP_region_3271'.
          Optimizations applied to 'very_fast' configuration:
            rewriting(0), factoring(0), sharing(0), cmultcse(0), downsizing(0), speculation(0)
Info    : Implementing datapath configurations. [DPOPT-3]
        : Implementing datapath configurations for 'CDN_DP_region_3273'
Info    : Done implementing datapath configurations. [DPOPT-4]
        : Selected 'very_fast' configuration 4 for module 'CDN_DP_region_3273'.
          Optimizations applied to 'very_fast' configuration:
            rewriting(0), factoring(0), sharing(0), cmultcse(0), downsizing(0), speculation(0)
Info    : Implementing datapath configurations. [DPOPT-3]
        : Implementing datapath configurations for 'CDN_DP_region_3275'
Info    : Done implementing datapath configurations. [DPOPT-4]
        : Selected 'very_fast' configuration 4 for module 'CDN_DP_region_3275'.
          Optimizations applied to 'very_fast' configuration:
            rewriting(0), factoring(0), sharing(0), cmultcse(0), downsizing(0), speculation(0)
Info    : Implementing datapath configurations. [DPOPT-3]
        : Implementing datapath configurations for 'CDN_DP_region_3277'
Info    : Done implementing datapath configurations. [DPOPT-4]
        : Selected 'very_fast' configuration 4 for module 'CDN_DP_region_3277'.
          Optimizations applied to 'very_fast' configuration:
            rewriting(0), factoring(0), sharing(0), cmultcse(0), downsizing(0), speculation(0)
Info    : Implementing datapath configurations. [DPOPT-3]
        : Implementing datapath configurations for 'CDN_DP_region_3250'
Info    : Done implementing datapath configurations. [DPOPT-4]
        : Selected 'very_fast' configuration 4 for module 'CDN_DP_region_3250'.
          Optimizations applied to 'very_fast' configuration:
            rewriting(0), factoring(0), sharing(0), cmultcse(0), downsizing(0), speculation(0)
Info    : Implementing datapath configurations. [DPOPT-3]
        : Implementing datapath configurations for 'CDN_DP_region_3252'
Info    : Done implementing datapath configurations. [DPOPT-4]
        : Selected 'very_fast' configuration 4 for module 'CDN_DP_region_3252'.
          Optimizations applied to 'very_fast' configuration:
            rewriting(0), factoring(0), sharing(0), cmultcse(0), downsizing(0), speculation(0)
Info    : Implementing datapath configurations. [DPOPT-3]
        : Implementing datapath configurations for 'CDN_DP_region_3267'
Info    : Done implementing datapath configurations. [DPOPT-4]
        : Selected 'very_fast' configuration 4 for module 'CDN_DP_region_3267'.
          Optimizations applied to 'very_fast' configuration:
            rewriting(0), factoring(0), sharing(0), cmultcse(0), downsizing(0), speculation(0)
Info    : Implementing datapath configurations. [DPOPT-3]
        : Implementing datapath configurations for 'CDN_DP_region_3279'
Info    : Done implementing datapath configurations. [DPOPT-4]
        : Selected 'very_fast' configuration 4 for module 'CDN_DP_region_3279'.
          Optimizations applied to 'very_fast' configuration:
            rewriting(0), factoring(0), sharing(0), cmultcse(0), downsizing(0), speculation(0)
Info    : Implementing datapath configurations. [DPOPT-3]
        : Implementing datapath configurations for 'CDN_DP_region_3248'
Info    : Done implementing datapath configurations. [DPOPT-4]
        : Selected 'very_fast' configuration 4 for module 'CDN_DP_region_3248'.
          Optimizations applied to 'very_fast' configuration:
            rewriting(0), factoring(0), sharing(0), cmultcse(0), downsizing(0), speculation(0)
Info    : Implementing datapath configurations. [DPOPT-3]
        : Implementing datapath configurations for 'CDN_DP_region_3281'
Info    : Done implementing datapath configurations. [DPOPT-4]
        : Selected 'very_fast' configuration 4 for module 'CDN_DP_region_3281'.
          Optimizations applied to 'very_fast' configuration:
            rewriting(0), factoring(0), sharing(0), cmultcse(0), downsizing(0), speculation(0)
Info    : Implementing datapath configurations. [DPOPT-3]
        : Implementing datapath configurations for 'CDN_DP_region_3280'
Info    : Done implementing datapath configurations. [DPOPT-4]
        : Selected 'very_fast' configuration 4 for module 'CDN_DP_region_3280'.
          Optimizations applied to 'very_fast' configuration:
            rewriting(0), factoring(0), sharing(0), cmultcse(0), downsizing(0), speculation(0)
Info    : Implementing datapath configurations. [DPOPT-3]
        : Implementing datapath configurations for 'CDN_DP_region_3268'
Info    : Done implementing datapath configurations. [DPOPT-4]
        : Selected 'very_fast' configuration 4 for module 'CDN_DP_region_3268'.
          Optimizations applied to 'very_fast' configuration:
            rewriting(0), factoring(0), sharing(0), cmultcse(0), downsizing(0), speculation(0)
Info    : Implementing datapath configurations. [DPOPT-3]
        : Implementing datapath configurations for 'CDN_DP_region_3270'
Info    : Done implementing datapath configurations. [DPOPT-4]
        : Selected 'very_fast' configuration 4 for module 'CDN_DP_region_3270'.
          Optimizations applied to 'very_fast' configuration:
            rewriting(0), factoring(0), sharing(0), cmultcse(0), downsizing(0), speculation(0)
Info    : Implementing datapath configurations. [DPOPT-3]
        : Implementing datapath configurations for 'CDN_DP_region_3272'
Info    : Done implementing datapath configurations. [DPOPT-4]
        : Selected 'very_fast' configuration 4 for module 'CDN_DP_region_3272'.
          Optimizations applied to 'very_fast' configuration:
            rewriting(0), factoring(0), sharing(0), cmultcse(0), downsizing(0), speculation(0)
Info    : Implementing datapath configurations. [DPOPT-3]
        : Implementing datapath configurations for 'CDN_DP_region_3274'
Info    : Done implementing datapath configurations. [DPOPT-4]
        : Selected 'very_fast' configuration 4 for module 'CDN_DP_region_3274'.
          Optimizations applied to 'very_fast' configuration:
            rewriting(0), factoring(0), sharing(0), cmultcse(0), downsizing(0), speculation(0)
Info    : Implementing datapath configurations. [DPOPT-3]
        : Implementing datapath configurations for 'CDN_DP_region_3276'
Info    : Done implementing datapath configurations. [DPOPT-4]
        : Selected 'very_fast' configuration 4 for module 'CDN_DP_region_3276'.
          Optimizations applied to 'very_fast' configuration:
            rewriting(0), factoring(0), sharing(0), cmultcse(0), downsizing(0), speculation(0)
Info    : Implementing datapath configurations. [DPOPT-3]
        : Implementing datapath configurations for 'CDN_DP_region_3266'
Info    : Done implementing datapath configurations. [DPOPT-4]
        : Selected 'very_fast' configuration 4 for module 'CDN_DP_region_3266'.
          Optimizations applied to 'very_fast' configuration:
            rewriting(0), factoring(0), sharing(0), cmultcse(0), downsizing(0), speculation(0)
Info    : Implementing datapath configurations. [DPOPT-3]
        : Implementing datapath configurations for 'CDN_DP_region_3278'
Info    : Done implementing datapath configurations. [DPOPT-4]
        : Selected 'very_fast' configuration 4 for module 'CDN_DP_region_3278'.
          Optimizations applied to 'very_fast' configuration:
            rewriting(0), factoring(0), sharing(0), cmultcse(0), downsizing(0), speculation(0)
Info    : Implementing datapath configurations. [DPOPT-3]
        : Implementing datapath configurations for 'CDN_DP_region_3249'
Info    : Done implementing datapath configurations. [DPOPT-4]
        : Selected 'very_fast' configuration 4 for module 'CDN_DP_region_3249'.
          Optimizations applied to 'very_fast' configuration:
            rewriting(0), factoring(0), sharing(0), cmultcse(0), downsizing(0), speculation(0)
Info    : Implementing datapath configurations. [DPOPT-3]
        : Implementing datapath configurations for 'CDN_DP_region_3251'
Info    : Done implementing datapath configurations. [DPOPT-4]
        : Selected 'very_fast' configuration 4 for module 'CDN_DP_region_3251'.
          Optimizations applied to 'very_fast' configuration:
            rewriting(0), factoring(0), sharing(0), cmultcse(0), downsizing(0), speculation(0)
Info    : Implementing datapath configurations. [DPOPT-3]
        : Implementing datapath configurations for 'CDN_DP_region'
Info    : Done implementing datapath configurations. [DPOPT-4]
        : Selected 'very_fast' configuration 4 for module 'CDN_DP_region'.
          Optimizations applied to 'very_fast' configuration:
            rewriting(0), factoring(0), sharing(0), cmultcse(0), downsizing(0), speculation(0)
Info    : Done optimizing datapath logic. [DPOPT-2]
        : Done optimizing datapath logic in 'gradius_toplvl'.
Info    : Deleting instances not driving any primary outputs. [GLO-34]
        : Deleting 12 sequential instances.
Info    : Deleting instances not driving any primary outputs. [GLO-34]
        : Deleting 12 hierarchical instances.
Info    : Done synthesizing. [SYNTH-2]
        : Done synthesizing 'gradius_toplvl' to generic gates.
Info    : Mapping. [SYNTH-4]
        : Mapping 'gradius_toplvl' using 'medium' effort.
Mapper: Libraries have:
	domain _default_: 344 combo usable cells and 147 sequential usable cells
Multi-threaded constant propagation [1|0] ...
Info    : Deleting instances not driving any primary outputs. [GLO-34]
        : Deleting 6 hierarchical instances.
Multi-threaded Virtual Mapping    (8 threads per ST process, 8 of 8 CPUs usable)
 
Global mapping target info
==========================
Cost Group 'default' target slack: Unconstrained

Multi-threaded Technology Mapping (8 threads per ST process, 8 of 8 CPUs usable)
 
Global mapping status
=====================
                                    Worst 
                           Total  Weighted
Operation                   Area  Neg Slk Worst Path
-------------------------------------------------------------------------------
 global_map                39097        0  N/A

    Cost Group            Target    Slack    Diff.    Clock
-----------------------------------------------------------
       default          unconst. unconst.              N.A. 

 
Global incremental target info
==============================
Cost Group 'default' target slack: Unconstrained

 
Global incremental optimization status
======================================
                                    Worst 
                           Total  Weighted
Operation                   Area  Neg Slk Worst Path
-------------------------------------------------------------------------------
 global_incr               38917        0  N/A

    Cost Group            Target    Slack    Diff.    Clock
-----------------------------------------------------------
       default          unconst. unconst.              N.A. 

Info    : Done mapping. [SYNTH-5]
        : Done mapping 'gradius_toplvl'.
Info    : Incrementally optimizing. [SYNTH-7]
        : Incrementally optimizing 'gradius_toplvl' using 'medium' effort.
 
Incremental optimization status
===============================
                                    Worst     Total - - DRC Totals - -
                           Total  Weighted     Neg      Max       Max 
Operation                   Area  Neg Slk     Slack    Trans      Cap 
-------------------------------------------------------------------------------
 init_iopt                 38917        0         0         0        0
 const_prop                38897        0         0         0        0
 simp_cc_inputs            38879        0         0         0        0
 
Incremental optimization status
===============================
                                    Worst     Total - - DRC Totals - -
                           Total  Weighted     Neg      Max       Max 
Operation                   Area  Neg Slk     Slack    Trans      Cap 
-------------------------------------------------------------------------------
 init_delay                38879        0         0         0        0

           Trick     Calls     Accepts   Attempts    Time(secs) 
-----------------------------------------------------------
       crit_upsz         0  (        0 /        0 )  0.00
    plc_bal_star         0  (        0 /        0 )  0.00
     drc_buftimb         0  (        0 /        0 )  0.00
          plc_st         0  (        0 /        0 )  0.00
       plc_lo_st         0  (        0 /        0 )  0.00
        plc_star         0  (        0 /        0 )  0.00
     drc_buftims         0  (        0 /        0 )  0.00
       plc_lo_st         0  (        0 /        0 )  0.00
            fopt         0  (        0 /        0 )  0.00
       crit_dnsz         0  (        0 /        0 )  0.00
             dup         0  (        0 /        0 )  0.00
            fopt         0  (        0 /        0 )  0.00
        setup_dn         0  (        0 /        0 )  0.00
         buf2inv         0  (        0 /        0 )  0.00
             exp         0  (        0 /        0 )  0.00
       gate_deco         0  (        0 /        0 )  0.00
       gcomp_tim         0  (        0 /        0 )  0.00
  inv_pair_2_buf         0  (        0 /        0 )  0.00

 init_drc                  38879        0         0         0        0

           Trick     Calls     Accepts   Attempts    Time(secs) 
-----------------------------------------------------------
          plc_st         0  (        0 /        0 )  0.00
        plc_star         0  (        0 /        0 )  0.00
        drc_bufs         0  (        0 /        0 )  0.00
        drc_fopt         0  (        0 /        0 )  0.00
        drc_bufb         0  (        0 /        0 )  0.00
      simple_buf         0  (        0 /        0 )  0.00
             dup         0  (        0 /        0 )  0.00
       crit_dnsz         0  (        0 /        0 )  0.00
       crit_upsz         0  (        0 /        0 )  0.00


           Trick     Calls     Accepts   Attempts    Time(secs) 
-----------------------------------------------------------
          plc_st         0  (        0 /        0 )  0.00
        plc_star         0  (        0 /        0 )  0.00
      drc_buf_sp         0  (        0 /        0 )  0.00
        drc_bufs         0  (        0 /        0 )  0.00
        drc_fopt         0  (        0 /        0 )  0.00
        drc_bufb         0  (        0 /        0 )  0.00
      simple_buf         0  (        0 /        0 )  0.00
             dup         0  (        0 /        0 )  0.00
       crit_dnsz         0  (        0 /        0 )  0.00
       crit_upsz         0  (        0 /        0 )  0.00


           Trick     Calls     Accepts   Attempts    Time(secs) 
-----------------------------------------------------------
          plc_st         0  (        0 /        0 )  0.00
        plc_star         0  (        0 /        0 )  0.00
      drc_buf_sp         0  (        0 /        0 )  0.00
        drc_bufs         0  (        0 /        0 )  0.00
        drc_fopt         0  (        0 /        0 )  0.00
        drc_bufb         0  (        0 /        0 )  0.00
             dup         0  (        0 /        0 )  0.00
       crit_dnsz         0  (        0 /        0 )  0.00
       crit_upsz         0  (        0 /        0 )  0.00

 init_tns                  38879        0         0         0        0

           Trick     Calls     Accepts   Attempts    Time(secs) 
-----------------------------------------------------------
    plc_bal_star         0  (        0 /        0 )  0.00
     drc_buftimb         0  (        0 /        0 )  0.00
     drc_buftims         0  (        0 /        0 )  0.00
       crit_upsz         0  (        0 /        0 )  0.00
       plc_lo_st         0  (        0 /        0 )  0.00
            fopt         0  (        0 /        0 )  0.00
       crit_dnsz         0  (        0 /        0 )  0.00
             dup         0  (        0 /        0 )  0.00
        setup_dn         0  (        0 /        0 )  0.00
         buf2inv         0  (        0 /        0 )  0.00

 init_area                 38879        0         0         0        0
 rem_buf                   38870        0         0         0        0
 rem_inv                   38805        0         0         0        0
 rem_inv_qb                38778        0         0         0        0
 gate_comp                 38774        0         0         0        0
 glob_area                 38754        0         0         0        0
 area_down                 38745        0         0         0        0

           Trick     Calls     Accepts   Attempts    Time(secs) 
-----------------------------------------------------------
           undup         0  (        0 /        0 )  0.00
         rem_buf         1  (        1 /        1 )  0.00
         rem_inv         6  (        6 /        6 )  0.02
        merge_bi         0  (        0 /        0 )  0.01
      rem_inv_qb         8  (        2 /        2 )  0.02
        io_phase        11  (        0 /        0 )  0.01
       gate_comp       136  (        2 /        2 )  0.41
       gcomp_mog        22  (        0 /        0 )  0.16
       glob_area        27  (        4 /       27 )  0.02
       area_down         3  (        1 /        1 )  0.01
      size_n_buf         0  (        0 /        0 )  0.01
  gate_deco_area         0  (        0 /        0 )  0.00
         rem_buf         0  (        0 /        0 )  0.00
         rem_inv         0  (        0 /        0 )  0.00
        merge_bi         0  (        0 /        0 )  0.00
      rem_inv_qb         2  (        0 /        0 )  0.00

 
Incremental optimization status
===============================
                                    Worst     Total - - DRC Totals - -
                           Total  Weighted     Neg      Max       Max 
Operation                   Area  Neg Slk     Slack    Trans      Cap 
-------------------------------------------------------------------------------
 init_delay                38745        0         0         0        0

           Trick     Calls     Accepts   Attempts    Time(secs) 
-----------------------------------------------------------
       crit_upsz         0  (        0 /        0 )  0.00
    plc_bal_star         0  (        0 /        0 )  0.00
     drc_buftimb         0  (        0 /        0 )  0.00
          plc_st         0  (        0 /        0 )  0.00
       plc_lo_st         0  (        0 /        0 )  0.00
        plc_star         0  (        0 /        0 )  0.00
     drc_buftims         0  (        0 /        0 )  0.00
       plc_lo_st         0  (        0 /        0 )  0.00
            fopt         0  (        0 /        0 )  0.00
       crit_dnsz         0  (        0 /        0 )  0.00
             dup         0  (        0 /        0 )  0.00
            fopt         0  (        0 /        0 )  0.00
        setup_dn         0  (        0 /        0 )  0.00
         buf2inv         0  (        0 /        0 )  0.00
             exp         0  (        0 /        0 )  0.00
       gate_deco         0  (        0 /        0 )  0.00
       gcomp_tim         0  (        0 /        0 )  0.00
  inv_pair_2_buf         0  (        0 /        0 )  0.00

 init_drc                  38745        0         0         0        0

           Trick     Calls     Accepts   Attempts    Time(secs) 
-----------------------------------------------------------
          plc_st         0  (        0 /        0 )  0.00
        plc_star         0  (        0 /        0 )  0.00
        drc_bufs         0  (        0 /        0 )  0.00
        drc_fopt         0  (        0 /        0 )  0.00
        drc_bufb         0  (        0 /        0 )  0.00
      simple_buf         0  (        0 /        0 )  0.00
             dup         0  (        0 /        0 )  0.00
       crit_dnsz         0  (        0 /        0 )  0.00
       crit_upsz         0  (        0 /        0 )  0.00


           Trick     Calls     Accepts   Attempts    Time(secs) 
-----------------------------------------------------------
          plc_st         0  (        0 /        0 )  0.00
        plc_star         0  (        0 /        0 )  0.00
        drc_bufs         0  (        0 /        0 )  0.00
        drc_fopt         0  (        0 /        0 )  0.00
        drc_bufb         0  (        0 /        0 )  0.00
      simple_buf         0  (        0 /        0 )  0.00
             dup         0  (        0 /        0 )  0.00
       crit_dnsz         0  (        0 /        0 )  0.00
       crit_upsz         0  (        0 /        0 )  0.00


           Trick     Calls     Accepts   Attempts    Time(secs) 
-----------------------------------------------------------
          plc_st         0  (        0 /        0 )  0.00
        plc_star         0  (        0 /        0 )  0.00
        drc_bufs         0  (        0 /        0 )  0.00
        drc_fopt         0  (        0 /        0 )  0.00
        drc_bufb         0  (        0 /        0 )  0.00
             dup         0  (        0 /        0 )  0.00
       crit_dnsz         0  (        0 /        0 )  0.00
       crit_upsz         0  (        0 /        0 )  0.00

 init_area                 38745        0         0         0        0

           Trick     Calls     Accepts   Attempts    Time(secs) 
-----------------------------------------------------------
           undup         0  (        0 /        0 )  0.00
         rem_buf         0  (        0 /        0 )  0.00
         rem_inv         0  (        0 /        0 )  0.00
        merge_bi         0  (        0 /        0 )  0.00
      rem_inv_qb         2  (        0 /        0 )  0.00
        io_phase        11  (        0 /        0 )  0.01
       gate_comp       134  (        0 /        0 )  0.39
       gcomp_mog        22  (        0 /        0 )  0.15
       glob_area        27  (        0 /       27 )  0.01
       area_down         3  (        0 /        0 )  0.01
      size_n_buf         0  (        0 /        0 )  0.01
  gate_deco_area         0  (        0 /        0 )  0.00

Info    : Done incrementally optimizing. [SYNTH-8]
        : Done incrementally optimizing 'gradius_toplvl'.
     flow.cputime  flow.realtime  timing.setup.tns  timing.setup.wns  snapshot
UM:            76             67            0.0 ps            inf ps  synthesize
@file(syn2.tcl) 83: ungroup -all -flat
Warning : Cannot ungroup an instance. [UTUI-102]
        : '/designs/gradius_toplvl/instances_hier/Movement_module' is an unresolved reference.
@file(syn2.tcl) 84: insert_tiehilo_cells
  Setting attribute of design 'gradius_toplvl': 'pias_in_map' = false
@file(syn2.tcl) 85: write_hdl -mapped > ../out/gradius_toplvl.v
Warning : Detected a logic abstract in the design. [VRO-14]
        : The name of the logic abstract module is 'movement'.
        : A logic abstract is an unresolved reference with defined port names and directions. By default, such modules are written in the netlist. Use '::legacy::set_attribute write_vlog_empty_module_for_logic_abstract false /' to prevent writing empty modules in the netlist for a logic abstract.
@file(syn2.tcl) 86: write_sdf > ../out/gradius_toplvl.sdf
Warning : Default value for an option has changed in this release. [WSDF-104]
        : Default value for -setuphold has changed from split to merge_always. Specify '-setuphold split' to preserve the behavior of the previous release.
        : Specify the option explicitly.
Warning : Default value for an option has changed in this release. [WSDF-104]
        : Default value for -recrem has changed from split to merge_always. Specify '-recrem split' to preserve the behavior of the previous release.
@file(syn2.tcl) 87: write_sdc > ../out/gradius_toplvl.sdc
Finished SDC export (command execution time mm:ss (real) = 00:01).
@file(syn2.tcl) 89: report timing
Warning : Possible timing problems have been detected in this design. [TIM-11]
        : The design is 'gradius_toplvl'.
        : Use 'report timing -lint' for more information.
============================================================
  Generated by:           Genus(TM) Synthesis Solution 17.11-s014_1
  Generated on:           Dec 20 2018  10:04:21 pm
  Module:                 gradius_toplvl
  Operating conditions:   WCCOM (balanced_tree)
  Wireload mode:          segmented
  Area mode:              timing library
============================================================

Some unconstrained paths have not been displayed.
Use -unconstrained or set the root attribute 'timing_report_unconstrained' to 'true' to see only these unconstrained paths.

@file(syn2.tcl) 90: report gates
============================================================
  Generated by:           Genus(TM) Synthesis Solution 17.11-s014_1
  Generated on:           Dec 20 2018  10:04:21 pm
  Module:                 gradius_toplvl
  Operating conditions:   WCCOM (balanced_tree)
  Wireload mode:          segmented
  Area mode:              timing library
============================================================

                                     
     Gate       Instances    Area         Library      
-------------------------------------------------------
AN2D1BWP7T             49    537.824    tcb018gbwp7twc 
AN3D0BWP7T             26    342.451    tcb018gbwp7twc 
AN4D1BWP7T             18    276.595    tcb018gbwp7twc 
AO211D0BWP7T           11    169.030    tcb018gbwp7twc 
AO21D0BWP7T            27    355.622    tcb018gbwp7twc 
AO221D0BWP7T            1     19.757    tcb018gbwp7twc 
AO222D0BWP7T            6    144.883    tcb018gbwp7twc 
AO22D0BWP7T            41    720.026    tcb018gbwp7twc 
AO31D0BWP7T             9    158.054    tcb018gbwp7twc 
AO32D0BWP7T             9    197.568    tcb018gbwp7twc 
AOI211D0BWP7T          68    895.642    tcb018gbwp7twc 
AOI21D0BWP7T           69    757.344    tcb018gbwp7twc 
AOI221D0BWP7T          54    948.326    tcb018gbwp7twc 
AOI222D0BWP7T           1     19.757    tcb018gbwp7twc 
AOI22D0BWP7T          201   2647.411    tcb018gbwp7twc 
AOI31D0BWP7T           34    447.821    tcb018gbwp7twc 
AOI32D0BWP7T           16    280.986    tcb018gbwp7twc 
AOI33D0BWP7T            8    158.054    tcb018gbwp7twc 
CKND1BWP7T            173   1139.309    tcb018gbwp7twc 
CKXOR2D0BWP7T           4     79.027    tcb018gbwp7twc 
DFCNQD1BWP7T           60   2897.664    tcb018gbwp7twc 
DFD1BWP7T               8    351.232    tcb018gbwp7twc 
DFKCND1BWP7T            1     48.294    tcb018gbwp7twc 
DFKCNQD1BWP7T           4    175.616    tcb018gbwp7twc 
DFKSND1BWP7T            1     52.685    tcb018gbwp7twc 
DFND1BWP7T              7    307.328    tcb018gbwp7twc 
DFQD1BWP7T             28   1167.846    tcb018gbwp7twc 
DFXQD1BWP7T             1     54.880    tcb018gbwp7twc 
HA1D0BWP7T              2     65.856    tcb018gbwp7twc 
IAO21D0BWP7T           26    342.451    tcb018gbwp7twc 
IIND4D0BWP7T            1     19.757    tcb018gbwp7twc 
IINR4D0BWP7T            7    138.298    tcb018gbwp7twc 
IND2D0BWP7T           233   2557.408    tcb018gbwp7twc 
IND2D1BWP7T             8     87.808    tcb018gbwp7twc 
IND3D0BWP7T            23    302.938    tcb018gbwp7twc 
IND3D1BWP7T             2     26.342    tcb018gbwp7twc 
IND4D0BWP7T            17    261.229    tcb018gbwp7twc 
INR2D0BWP7T           178   1953.728    tcb018gbwp7twc 
INR2D1BWP7T             4     43.904    tcb018gbwp7twc 
INR3D0BWP7T            22    338.061    tcb018gbwp7twc 
INR4D0BWP7T             6    105.370    tcb018gbwp7twc 
INVD0BWP7T             90    592.704    tcb018gbwp7twc 
INVD1BWP7T             45    296.352    tcb018gbwp7twc 
INVD4BWP7T              2     30.733    tcb018gbwp7twc 
IOA21D0BWP7T            4     52.685    tcb018gbwp7twc 
IOA22D0BWP7T            1     17.562    tcb018gbwp7twc 
MAOI222D0BWP7T         14    245.862    tcb018gbwp7twc 
MAOI22D0BWP7T         146   2243.494    tcb018gbwp7twc 
MOAI22D0BWP7T         153   2351.059    tcb018gbwp7twc 
MUX2ND0BWP7T           12    210.739    tcb018gbwp7twc 
ND2D0BWP7T            225   1975.680    tcb018gbwp7twc 
ND2D4BWP7T              3     79.027    tcb018gbwp7twc 
ND3D0BWP7T             25    274.400    tcb018gbwp7twc 
ND4D0BWP7T             52    684.902    tcb018gbwp7twc 
NR2D0BWP7T            202   1773.722    tcb018gbwp7twc 
NR2D1BWP7T              1      8.781    tcb018gbwp7twc 
NR3D0BWP7T             32    351.232    tcb018gbwp7twc 
NR4D0BWP7T             57    750.758    tcb018gbwp7twc 
OA21D0BWP7T            44    579.533    tcb018gbwp7twc 
OA221D0BWP7T            8    158.054    tcb018gbwp7twc 
OA22D0BWP7T             6    105.370    tcb018gbwp7twc 
OA31D0BWP7T             1     17.562    tcb018gbwp7twc 
OA32D0BWP7T             3     65.856    tcb018gbwp7twc 
OAI211D0BWP7T          76   1001.011    tcb018gbwp7twc 
OAI21D0BWP7T           71    779.296    tcb018gbwp7twc 
OAI221D0BWP7T          27    474.163    tcb018gbwp7twc 
OAI222D0BWP7T           3     59.270    tcb018gbwp7twc 
OAI22D0BWP7T           66    869.299    tcb018gbwp7twc 
OAI31D0BWP7T           22    289.766    tcb018gbwp7twc 
OAI32D0BWP7T           10    175.616    tcb018gbwp7twc 
OAI33D0BWP7T            1     19.757    tcb018gbwp7twc 
OR2D0BWP7T             19    208.544    tcb018gbwp7twc 
OR3D0BWP7T              4     61.466    tcb018gbwp7twc 
XNR2D1BWP7T            15    296.352    tcb018gbwp7twc 
XNR4D0BWP7T             1     50.490    tcb018gbwp7twc 
-------------------------------------------------------
total                2905  38745.280                   


                                          
     Type      Instances    Area   Area % 
------------------------------------------
sequential           110  5055.546   13.0 
inverter             310  2059.098    5.3 
logic_abstract         1     0.000    0.0 
logic               2485 31630.637   81.6 
physical_cells         0     0.000    0.0 
------------------------------------------
total               2906 38745.280  100.0 

@file(syn2.tcl) 92: gui_show
#@ End verbose source tcl/syn2.tcl
WARNING: This version of the tool is 437 days old.
Warning : Instance count threshold exceeded.  Switching to manual update mode. [GUI-12]
        : Current instance count: '2906', threshold: '2000'
        : To change the threshold set the 'gui_sv_threshold' root attribute.
  Setting attribute of root '/': 'gui_sv_update' = manual
Normal exit.
